{"name": "Создание заказа без авторизации", "status": "failed", "statusDetails": {"message": "AssertionError: assert 200 == 401\n +  where 200 = <Response [200]>.status_code", "trace": "self = <tests.order.test_create_order.TestCreateOrder object at 0x70683e3cd220>\n\n    @allure.title(\"Создание заказа без авторизации\")\n    @allure.description(\"Тест на создание заказа без авторизации\")\n    def test_create_order_without_auth(self):\n        \"\"\"Тест на создание заказа без авторизации\"\"\"\n        order_data = {\"ingredients\": VALID_INGREDIENTS}\n        response, response_json = OrderMethods.create_order(order_data=order_data)\n>       assert response.status_code == 401\nE       assert 200 == 401\nE        +  where 200 = <Response [200]>.status_code\n\ntests/order/test_create_order.py:23: AssertionError"}, "description": "Тест на создание заказа без авторизации", "steps": [{"name": "Создание заказа", "status": "passed", "parameters": [{"name": "headers", "value": "None"}, {"name": "order_data", "value": "{'ingredients': ['61c0c5a71d1f82001bdaaa72', '61c0c5a71d1f82001bdaaa70', '61c0c5a71d1f82001bdaaa6d']}"}], "start": 1733857867491, "stop": 1733857867670}], "start": 1733857867491, "stop": 1733857867670, "uuid": "6eb7687b-facc-43f0-a277-8c798d0467e9", "historyId": "94f088131136e35921184498629e6530", "testCaseId": "94f088131136e35921184498629e6530", "fullName": "tests.order.test_create_order.TestCreateOrder#test_create_order_without_auth", "labels": [{"name": "suite", "value": "Тесты создания заказа"}, {"name": "parentSuite", "value": "tests.order"}, {"name": "subSuite", "value": "TestCreateOrder"}, {"name": "host", "value": "mariamna-pc-kb2404"}, {"name": "thread", "value": "63572-MainThread"}, {"name": "framework", "value": "pytest"}, {"name": "language", "value": "cpython3"}, {"name": "package", "value": "tests.order.test_create_order"}]}